21:45:58.267 [main] INFO  by.menko.matrix.controller.command.ChangerDiagonalCommand - Incorrect values or storage is empty.
21:46:04.560 [main] INFO  by.menko.matrix.controller.command.ChangerDiagonalCommand - Incorrect values or storage is empty.
21:46:09.136 [main] INFO  by.menko.matrix.controller.command.ChangerDiagonalCommand - Incorrect values or storage is empty.
21:46:11.448 [main] INFO  by.menko.matrix.controller.command.ChangerDiagonalCommand - Incorrect values or storage is empty.
21:56:52.907 [main] INFO  by.menko.matrix.controller.command.ReadFileCommand - File is read and matrix is added in storage.
21:57:01.268 [Thread 0] INFO  by.menko.matrix.bean.LockThreads - Thread 0 added 1
21:57:01.269 [Thread 1] INFO  by.menko.matrix.bean.LockThreads - Thread 1 added 2
21:57:01.269 [Thread 2] INFO  by.menko.matrix.bean.LockThreads - Thread 2 added 3
21:57:01.269 [Thread 3] INFO  by.menko.matrix.bean.LockThreads - Thread 3 added 4
21:57:01.270 [Thread 4] INFO  by.menko.matrix.bean.LockThreads - Thread 4 added 5
21:57:01.369 [Thread 0] INFO  by.menko.matrix.bean.LockThreads - Thread 0 added 6
21:57:01.370 [Thread 2] INFO  by.menko.matrix.bean.LockThreads - Thread 2 added 7
21:57:01.370 [Thread 1] INFO  by.menko.matrix.bean.LockThreads - Thread 1 added 8
21:57:01.371 [Thread 4] INFO  by.menko.matrix.bean.LockThreads - Thread 4 added 9
21:57:01.372 [Thread 3] INFO  by.menko.matrix.bean.LockThreads - Thread 3 added 10
21:57:01.474 [main] INFO  by.menko.matrix.controller.command.ChangerDiagonalCommand - Diagonal changed.
22:59:53.994 [main] INFO  by.menko.matrix.controller.command.ReadFileCommand - File not found.
23:00:01.846 [main] INFO  by.menko.matrix.controller.command.ReadFileCommand - File not found.
23:00:05.958 [main] INFO  by.menko.matrix.controller.command.ChangerDiagonalCommand - Incorrect values or storage is empty.
23:00:15.528 [main] INFO  by.menko.matrix.controller.command.ReadFileCommand - File is read and matrix is added in storage.
23:00:27.346 [Thread 0] INFO  by.menko.matrix.bean.LockThreads - Thread 0 added 1
23:00:27.346 [Thread 4] INFO  by.menko.matrix.bean.LockThreads - Thread 4 added 2
23:00:27.347 [Thread 1] INFO  by.menko.matrix.bean.LockThreads - Thread 1 added 3
23:00:27.347 [Thread 2] INFO  by.menko.matrix.bean.LockThreads - Thread 2 added 4
23:00:27.347 [Thread 3] INFO  by.menko.matrix.bean.LockThreads - Thread 3 added 5
23:00:27.447 [Thread 0] INFO  by.menko.matrix.bean.LockThreads - Thread 0 added 6
23:00:27.448 [Thread 4] INFO  by.menko.matrix.bean.LockThreads - Thread 4 added 7
23:00:27.448 [Thread 1] INFO  by.menko.matrix.bean.LockThreads - Thread 1 added 8
23:00:27.449 [Thread 3] INFO  by.menko.matrix.bean.LockThreads - Thread 3 added 9
23:00:27.450 [Thread 2] INFO  by.menko.matrix.bean.LockThreads - Thread 2 added 10
23:00:27.553 [main] INFO  by.menko.matrix.controller.command.ChangerDiagonalCommand - Diagonal changed.
23:00:29.686 [Thread 0] INFO  by.menko.matrix.bean.LockThreads - Thread 0 added 1
23:00:29.687 [Thread 1] INFO  by.menko.matrix.bean.LockThreads - Thread 1 added 2
23:00:29.687 [Thread 2] INFO  by.menko.matrix.bean.LockThreads - Thread 2 added 3
23:00:29.688 [Thread 4] INFO  by.menko.matrix.bean.LockThreads - Thread 4 added 4
23:00:29.688 [Thread 3] INFO  by.menko.matrix.bean.LockThreads - Thread 3 added 5
23:00:29.788 [Thread 2] INFO  by.menko.matrix.bean.LockThreads - Thread 2 added 6
23:00:29.789 [Thread 1] INFO  by.menko.matrix.bean.LockThreads - Thread 1 added 7
23:00:29.789 [Thread 0] INFO  by.menko.matrix.bean.LockThreads - Thread 0 added 8
23:00:29.790 [Thread 4] INFO  by.menko.matrix.bean.LockThreads - Thread 4 added 9
23:00:29.790 [Thread 3] INFO  by.menko.matrix.bean.LockThreads - Thread 3 added 10
23:00:29.890 [main] INFO  by.menko.matrix.controller.command.ChangerDiagonalCommand - Diagonal changed.
23:00:32.938 [pool-2-thread-1] INFO  by.menko.matrix.bean.ExecutorThreads - Thread 0 added 1
23:00:32.939 [pool-2-thread-4] INFO  by.menko.matrix.bean.ExecutorThreads - Thread 3 added 4
23:00:32.939 [pool-2-thread-3] INFO  by.menko.matrix.bean.ExecutorThreads - Thread 2 added 3
23:00:32.939 [pool-2-thread-5] INFO  by.menko.matrix.bean.ExecutorThreads - Thread 4 added 5
23:00:32.938 [pool-2-thread-2] INFO  by.menko.matrix.bean.ExecutorThreads - Thread 1 added 2
23:00:33.039 [pool-2-thread-3] INFO  by.menko.matrix.bean.ExecutorThreads - Thread 2 added 7
23:00:33.039 [pool-2-thread-4] INFO  by.menko.matrix.bean.ExecutorThreads - Thread 3 added 9
23:00:33.039 [pool-2-thread-5] INFO  by.menko.matrix.bean.ExecutorThreads - Thread 4 added 6
23:00:33.039 [pool-2-thread-1] INFO  by.menko.matrix.bean.ExecutorThreads - Thread 0 added 8
23:00:33.041 [pool-2-thread-2] INFO  by.menko.matrix.bean.ExecutorThreads - Thread 1 added 10
23:00:33.943 [main] INFO  by.menko.matrix.controller.command.ChangerDiagonalCommand - Diagonal changed.
23:00:43.686 [pool-3-thread-1] INFO  by.menko.matrix.bean.ExecutorThreads - Thread 0 added 1
23:00:43.686 [pool-3-thread-2] INFO  by.menko.matrix.bean.ExecutorThreads - Thread 1 added 3
23:00:43.686 [pool-3-thread-3] INFO  by.menko.matrix.bean.ExecutorThreads - Thread 2 added 2
23:00:43.687 [pool-3-thread-4] INFO  by.menko.matrix.bean.ExecutorThreads - Thread 3 added 4
23:00:43.687 [pool-3-thread-5] INFO  by.menko.matrix.bean.ExecutorThreads - Thread 4 added 5
23:00:43.788 [pool-3-thread-2] INFO  by.menko.matrix.bean.ExecutorThreads - Thread 1 added 6
23:00:43.788 [pool-3-thread-3] INFO  by.menko.matrix.bean.ExecutorThreads - Thread 2 added 9
23:00:43.788 [pool-3-thread-4] INFO  by.menko.matrix.bean.ExecutorThreads - Thread 3 added 8
23:00:43.788 [pool-3-thread-5] INFO  by.menko.matrix.bean.ExecutorThreads - Thread 4 added 7
23:00:43.788 [pool-3-thread-1] INFO  by.menko.matrix.bean.ExecutorThreads - Thread 0 added 10
23:00:44.690 [main] INFO  by.menko.matrix.controller.command.ChangerDiagonalCommand - Diagonal changed.
23:00:49.931 [Threads 2] INFO  by.menko.matrix.bean.SemaphoreThreads - Threads 2 awaiting
23:00:49.931 [Threads 0] INFO  by.menko.matrix.bean.SemaphoreThreads - Threads 0 awaiting
23:00:49.932 [Threads 1] INFO  by.menko.matrix.bean.SemaphoreThreads - Threads 1 awaiting
23:00:49.932 [Threads 0] INFO  by.menko.matrix.bean.SemaphoreThreads - Threads 0 performing
23:00:49.932 [Threads 2] INFO  by.menko.matrix.bean.SemaphoreThreads - Threads 2 performing
23:00:49.931 [Threads 3] INFO  by.menko.matrix.bean.SemaphoreThreads - Threads 3 awaiting
23:00:49.932 [Threads 2] INFO  by.menko.matrix.bean.SemaphoreThreads - Threads 2 added 3
23:00:49.932 [Threads 0] INFO  by.menko.matrix.bean.SemaphoreThreads - Threads 0 added 1
23:00:49.932 [Threads 4] INFO  by.menko.matrix.bean.SemaphoreThreads - Threads 4 awaiting
23:00:49.942 [Threads 2] INFO  by.menko.matrix.bean.SemaphoreThreads - Threads 2 finished
23:00:49.942 [Threads 0] INFO  by.menko.matrix.bean.SemaphoreThreads - Threads 0 finished
23:00:49.942 [Threads 0] INFO  by.menko.matrix.bean.SemaphoreThreads - Threads 0 awaiting
23:00:49.942 [Threads 2] INFO  by.menko.matrix.bean.SemaphoreThreads - Threads 2 awaiting
23:00:49.942 [Threads 1] INFO  by.menko.matrix.bean.SemaphoreThreads - Threads 1 performing
23:00:49.942 [Threads 3] INFO  by.menko.matrix.bean.SemaphoreThreads - Threads 3 performing
23:00:49.942 [Threads 1] INFO  by.menko.matrix.bean.SemaphoreThreads - Threads 1 added 4
23:00:49.942 [Threads 3] INFO  by.menko.matrix.bean.SemaphoreThreads - Threads 3 added 2
23:00:49.953 [Threads 3] INFO  by.menko.matrix.bean.SemaphoreThreads - Threads 3 finished
23:00:49.953 [Threads 1] INFO  by.menko.matrix.bean.SemaphoreThreads - Threads 1 finished
23:00:49.953 [Threads 3] INFO  by.menko.matrix.bean.SemaphoreThreads - Threads 3 awaiting
23:00:49.953 [Threads 4] INFO  by.menko.matrix.bean.SemaphoreThreads - Threads 4 performing
23:00:49.953 [Threads 1] INFO  by.menko.matrix.bean.SemaphoreThreads - Threads 1 awaiting
23:00:49.953 [Threads 0] INFO  by.menko.matrix.bean.SemaphoreThreads - Threads 0 performing
23:00:49.953 [Threads 4] INFO  by.menko.matrix.bean.SemaphoreThreads - Threads 4 added 5
23:00:49.953 [Threads 0] INFO  by.menko.matrix.bean.SemaphoreThreads - Threads 0 added 7
23:00:49.963 [Threads 4] INFO  by.menko.matrix.bean.SemaphoreThreads - Threads 4 finished
23:00:49.963 [Threads 0] INFO  by.menko.matrix.bean.SemaphoreThreads - Threads 0 finished
23:00:49.963 [Threads 4] INFO  by.menko.matrix.bean.SemaphoreThreads - Threads 4 awaiting
23:00:49.963 [Threads 2] INFO  by.menko.matrix.bean.SemaphoreThreads - Threads 2 performing
23:00:49.963 [Threads 3] INFO  by.menko.matrix.bean.SemaphoreThreads - Threads 3 performing
23:00:49.963 [Threads 2] INFO  by.menko.matrix.bean.SemaphoreThreads - Threads 2 added 6
23:00:49.963 [Threads 3] INFO  by.menko.matrix.bean.SemaphoreThreads - Threads 3 added 8
23:00:49.974 [Threads 2] INFO  by.menko.matrix.bean.SemaphoreThreads - Threads 2 finished
23:00:49.974 [Threads 3] INFO  by.menko.matrix.bean.SemaphoreThreads - Threads 3 finished
23:00:49.974 [Threads 4] INFO  by.menko.matrix.bean.SemaphoreThreads - Threads 4 performing
23:00:49.974 [Threads 1] INFO  by.menko.matrix.bean.SemaphoreThreads - Threads 1 performing
23:00:49.974 [Threads 1] INFO  by.menko.matrix.bean.SemaphoreThreads - Threads 1 added 9
23:00:49.974 [Threads 4] INFO  by.menko.matrix.bean.SemaphoreThreads - Threads 4 added 10
23:00:49.985 [Threads 1] INFO  by.menko.matrix.bean.SemaphoreThreads - Threads 1 finished
23:00:49.985 [Threads 4] INFO  by.menko.matrix.bean.SemaphoreThreads - Threads 4 finished
23:00:50.985 [main] INFO  by.menko.matrix.controller.command.ChangerDiagonalCommand - Diagonal changed.
23:00:54.894 [Threads 2] INFO  by.menko.matrix.bean.SemaphoreThreads - Threads 2 awaiting
23:00:54.894 [Threads 1] INFO  by.menko.matrix.bean.SemaphoreThreads - Threads 1 awaiting
23:00:54.894 [Threads 2] INFO  by.menko.matrix.bean.SemaphoreThreads - Threads 2 performing
23:00:54.894 [Threads 1] INFO  by.menko.matrix.bean.SemaphoreThreads - Threads 1 performing
23:00:54.894 [Threads 2] INFO  by.menko.matrix.bean.SemaphoreThreads - Threads 2 added 3
23:00:54.894 [Threads 1] INFO  by.menko.matrix.bean.SemaphoreThreads - Threads 1 added 2
23:00:54.894 [Threads 0] INFO  by.menko.matrix.bean.SemaphoreThreads - Threads 0 awaiting
23:00:54.895 [Threads 4] INFO  by.menko.matrix.bean.SemaphoreThreads - Threads 4 awaiting
23:00:54.895 [Threads 3] INFO  by.menko.matrix.bean.SemaphoreThreads - Threads 3 awaiting
23:00:54.904 [Threads 2] INFO  by.menko.matrix.bean.SemaphoreThreads - Threads 2 finished
23:00:54.904 [Threads 2] INFO  by.menko.matrix.bean.SemaphoreThreads - Threads 2 awaiting
23:00:54.904 [Threads 0] INFO  by.menko.matrix.bean.SemaphoreThreads - Threads 0 performing
23:00:54.904 [Threads 0] INFO  by.menko.matrix.bean.SemaphoreThreads - Threads 0 added 1
23:00:54.905 [Threads 1] INFO  by.menko.matrix.bean.SemaphoreThreads - Threads 1 finished
23:00:54.905 [Threads 1] INFO  by.menko.matrix.bean.SemaphoreThreads - Threads 1 awaiting
23:00:54.905 [Threads 3] INFO  by.menko.matrix.bean.SemaphoreThreads - Threads 3 performing
23:00:54.905 [Threads 3] INFO  by.menko.matrix.bean.SemaphoreThreads - Threads 3 added 4
23:00:54.914 [Threads 0] INFO  by.menko.matrix.bean.SemaphoreThreads - Threads 0 finished
23:00:54.914 [Threads 0] INFO  by.menko.matrix.bean.SemaphoreThreads - Threads 0 awaiting
23:00:54.914 [Threads 4] INFO  by.menko.matrix.bean.SemaphoreThreads - Threads 4 performing
23:00:54.914 [Threads 4] INFO  by.menko.matrix.bean.SemaphoreThreads - Threads 4 added 5
23:00:54.915 [Threads 3] INFO  by.menko.matrix.bean.SemaphoreThreads - Threads 3 finished
23:00:54.915 [Threads 3] INFO  by.menko.matrix.bean.SemaphoreThreads - Threads 3 awaiting
23:00:54.915 [Threads 2] INFO  by.menko.matrix.bean.SemaphoreThreads - Threads 2 performing
23:00:54.915 [Threads 2] INFO  by.menko.matrix.bean.SemaphoreThreads - Threads 2 added 6
23:00:54.925 [Threads 4] INFO  by.menko.matrix.bean.SemaphoreThreads - Threads 4 finished
23:00:54.925 [Threads 4] INFO  by.menko.matrix.bean.SemaphoreThreads - Threads 4 awaiting
23:00:54.925 [Threads 1] INFO  by.menko.matrix.bean.SemaphoreThreads - Threads 1 performing
23:00:54.925 [Threads 1] INFO  by.menko.matrix.bean.SemaphoreThreads - Threads 1 added 7
23:00:54.926 [Threads 2] INFO  by.menko.matrix.bean.SemaphoreThreads - Threads 2 finished
23:00:54.926 [Threads 0] INFO  by.menko.matrix.bean.SemaphoreThreads - Threads 0 performing
23:00:54.926 [Threads 0] INFO  by.menko.matrix.bean.SemaphoreThreads - Threads 0 added 8
23:00:54.935 [Threads 1] INFO  by.menko.matrix.bean.SemaphoreThreads - Threads 1 finished
23:00:54.935 [Threads 3] INFO  by.menko.matrix.bean.SemaphoreThreads - Threads 3 performing
23:00:54.935 [Threads 3] INFO  by.menko.matrix.bean.SemaphoreThreads - Threads 3 added 9
23:00:54.936 [Threads 0] INFO  by.menko.matrix.bean.SemaphoreThreads - Threads 0 finished
23:00:54.936 [Threads 4] INFO  by.menko.matrix.bean.SemaphoreThreads - Threads 4 performing
23:00:54.936 [Threads 4] INFO  by.menko.matrix.bean.SemaphoreThreads - Threads 4 added 10
23:00:54.945 [Threads 3] INFO  by.menko.matrix.bean.SemaphoreThreads - Threads 3 finished
23:00:54.946 [Threads 4] INFO  by.menko.matrix.bean.SemaphoreThreads - Threads 4 finished
23:00:55.946 [main] INFO  by.menko.matrix.controller.command.ChangerDiagonalCommand - Diagonal changed.
23:01:34.466 [Thread 1] INFO  by.menko.matrix.bean.MyThread - Thread 1 added 2
23:01:34.466 [Thread 2] INFO  by.menko.matrix.bean.MyThread - Thread 2 added 3
23:01:34.467 [Thread 0] INFO  by.menko.matrix.bean.MyThread - Thread 0 added 1
23:01:34.467 [Thread 3] INFO  by.menko.matrix.bean.MyThread - Thread 3 added 4
23:01:34.467 [Thread 4] INFO  by.menko.matrix.bean.MyThread - Thread 4 added 5
23:01:34.566 [Thread 1] INFO  by.menko.matrix.bean.MyThread - Thread 1 added 6
23:01:34.567 [Thread 0] INFO  by.menko.matrix.bean.MyThread - Thread 0 added 8
23:01:34.567 [Thread 2] INFO  by.menko.matrix.bean.MyThread - Thread 2 added 9
23:01:34.567 [Thread 3] INFO  by.menko.matrix.bean.MyThread - Thread 3 added 7
23:01:34.568 [Thread 4] INFO  by.menko.matrix.bean.MyThread - Thread 4 added 10
23:01:34.668 [main] INFO  by.menko.matrix.controller.command.ChangerDiagonalCommand - Diagonal changed.
23:01:39.726 [Thread 1] INFO  by.menko.matrix.bean.MyThread - Thread 1 added 2
23:01:39.727 [Thread 2] INFO  by.menko.matrix.bean.MyThread - Thread 2 added 3
23:01:39.726 [Thread 0] INFO  by.menko.matrix.bean.MyThread - Thread 0 added 1
23:01:39.727 [Thread 4] INFO  by.menko.matrix.bean.MyThread - Thread 4 added 5
23:01:39.727 [Thread 3] INFO  by.menko.matrix.bean.MyThread - Thread 3 added 4
23:01:39.827 [Thread 2] INFO  by.menko.matrix.bean.MyThread - Thread 2 added 8
23:01:39.827 [Thread 0] INFO  by.menko.matrix.bean.MyThread - Thread 0 added 7
23:01:39.827 [Thread 4] INFO  by.menko.matrix.bean.MyThread - Thread 4 added 6
23:01:39.827 [Thread 1] INFO  by.menko.matrix.bean.MyThread - Thread 1 added 9
23:01:39.827 [Thread 3] INFO  by.menko.matrix.bean.MyThread - Thread 3 added 10
23:01:39.931 [main] INFO  by.menko.matrix.controller.command.ChangerDiagonalCommand - Diagonal changed.
15:06:31.931 [main] INFO  by.menko.matrix.controller.command.ReadFileCommand - File is read and matrix is added in storage.
15:06:43.442 [pool-2-thread-1] INFO  by.menko.matrix.bean.ExecutorThreads - Thread 0 added 1
15:06:43.443 [pool-2-thread-2] INFO  by.menko.matrix.bean.ExecutorThreads - Thread 1 added 5
15:06:43.443 [pool-2-thread-4] INFO  by.menko.matrix.bean.ExecutorThreads - Thread 3 added 2
15:06:43.442 [pool-2-thread-3] INFO  by.menko.matrix.bean.ExecutorThreads - Thread 2 added 4
15:06:43.443 [pool-2-thread-5] INFO  by.menko.matrix.bean.ExecutorThreads - Thread 4 added 3
15:06:43.545 [pool-2-thread-4] INFO  by.menko.matrix.bean.ExecutorThreads - Thread 3 added 9
15:06:43.545 [pool-2-thread-5] INFO  by.menko.matrix.bean.ExecutorThreads - Thread 4 added 7
15:06:43.545 [pool-2-thread-1] INFO  by.menko.matrix.bean.ExecutorThreads - Thread 0 added 6
15:06:43.545 [pool-2-thread-2] INFO  by.menko.matrix.bean.ExecutorThreads - Thread 1 added 8
15:06:43.545 [pool-2-thread-3] INFO  by.menko.matrix.bean.ExecutorThreads - Thread 2 added 10
15:06:44.448 [main] INFO  by.menko.matrix.controller.command.ChangerDiagonalCommand - Diagonal changed.
15:36:20.913 [main] INFO  by.menko.matrix.controller.command.ChangerDiagonalCommand - Incorrect values or storage is empty.
16:37:40.211 [main] INFO  by.menko.matrix.controller.command.ReadFileCommand - File is read and matrix is added in storage.
16:38:19.850 [Threads 1] INFO  by.menko.matrix.bean.SemaphoreThreads - Threads 1 awaiting
16:38:19.851 [Threads 4] INFO  by.menko.matrix.bean.SemaphoreThreads - Threads 4 awaiting
16:38:19.850 [Threads 0] INFO  by.menko.matrix.bean.SemaphoreThreads - Threads 0 awaiting
16:38:19.852 [Threads 4] INFO  by.menko.matrix.bean.SemaphoreThreads - Threads 4 performing
16:38:19.852 [Threads 1] INFO  by.menko.matrix.bean.SemaphoreThreads - Threads 1 performing
16:38:19.852 [Threads 4] INFO  by.menko.matrix.bean.SemaphoreThreads - Threads 4 added 5
16:38:19.852 [Threads 1] INFO  by.menko.matrix.bean.SemaphoreThreads - Threads 1 added 2
16:38:19.850 [Threads 3] INFO  by.menko.matrix.bean.SemaphoreThreads - Threads 3 awaiting
16:38:19.850 [Threads 2] INFO  by.menko.matrix.bean.SemaphoreThreads - Threads 2 awaiting
16:38:19.863 [Threads 4] INFO  by.menko.matrix.bean.SemaphoreThreads - Threads 4 finished
16:38:19.863 [Threads 1] INFO  by.menko.matrix.bean.SemaphoreThreads - Threads 1 finished
16:38:19.863 [Threads 1] INFO  by.menko.matrix.bean.SemaphoreThreads - Threads 1 awaiting
16:38:19.863 [Threads 3] INFO  by.menko.matrix.bean.SemaphoreThreads - Threads 3 performing
16:38:19.863 [Threads 0] INFO  by.menko.matrix.bean.SemaphoreThreads - Threads 0 performing
16:38:19.864 [Threads 3] INFO  by.menko.matrix.bean.SemaphoreThreads - Threads 3 added 4
16:38:19.864 [Threads 0] INFO  by.menko.matrix.bean.SemaphoreThreads - Threads 0 added 1
16:38:19.864 [Threads 4] INFO  by.menko.matrix.bean.SemaphoreThreads - Threads 4 awaiting
16:38:19.874 [Threads 3] INFO  by.menko.matrix.bean.SemaphoreThreads - Threads 3 finished
16:38:19.874 [Threads 0] INFO  by.menko.matrix.bean.SemaphoreThreads - Threads 0 finished
16:38:19.874 [Threads 3] INFO  by.menko.matrix.bean.SemaphoreThreads - Threads 3 awaiting
16:38:19.874 [Threads 0] INFO  by.menko.matrix.bean.SemaphoreThreads - Threads 0 awaiting
16:38:19.874 [Threads 2] INFO  by.menko.matrix.bean.SemaphoreThreads - Threads 2 performing
16:38:19.874 [Threads 1] INFO  by.menko.matrix.bean.SemaphoreThreads - Threads 1 performing
16:38:19.874 [Threads 2] INFO  by.menko.matrix.bean.SemaphoreThreads - Threads 2 added 3
16:38:19.874 [Threads 1] INFO  by.menko.matrix.bean.SemaphoreThreads - Threads 1 added 6
16:38:19.884 [Threads 1] INFO  by.menko.matrix.bean.SemaphoreThreads - Threads 1 finished
16:38:19.884 [Threads 2] INFO  by.menko.matrix.bean.SemaphoreThreads - Threads 2 finished
16:38:19.884 [Threads 1] INFO  by.menko.matrix.bean.SemaphoreThreads - Threads 1 awaiting
16:38:19.884 [Threads 4] INFO  by.menko.matrix.bean.SemaphoreThreads - Threads 4 performing
16:38:19.885 [Threads 3] INFO  by.menko.matrix.bean.SemaphoreThreads - Threads 3 performing
16:38:19.885 [Threads 4] INFO  by.menko.matrix.bean.SemaphoreThreads - Threads 4 added 7
16:38:19.885 [Threads 3] INFO  by.menko.matrix.bean.SemaphoreThreads - Threads 3 added 8
16:38:19.896 [Threads 3] INFO  by.menko.matrix.bean.SemaphoreThreads - Threads 3 finished
16:38:19.896 [Threads 4] INFO  by.menko.matrix.bean.SemaphoreThreads - Threads 4 finished
16:38:19.896 [Threads 1] INFO  by.menko.matrix.bean.SemaphoreThreads - Threads 1 performing
16:38:19.896 [Threads 0] INFO  by.menko.matrix.bean.SemaphoreThreads - Threads 0 performing
16:38:19.896 [Threads 1] INFO  by.menko.matrix.bean.SemaphoreThreads - Threads 1 added 10
16:38:19.896 [Threads 0] INFO  by.menko.matrix.bean.SemaphoreThreads - Threads 0 added 9
16:38:19.907 [Threads 0] INFO  by.menko.matrix.bean.SemaphoreThreads - Threads 0 finished
16:38:19.907 [Threads 1] INFO  by.menko.matrix.bean.SemaphoreThreads - Threads 1 finished
16:38:20.899 [main] INFO  by.menko.matrix.controller.command.ChangerDiagonalCommand - Diagonal changed.
16:39:29.704 [main] INFO  by.menko.matrix.controller.command.ReadFileCommand - File not found.
16:39:37.373 [Thread 0] INFO  by.menko.matrix.bean.LockThreads - Thread 0 added 1
16:39:37.373 [Thread 1] INFO  by.menko.matrix.bean.LockThreads - Thread 1 added 2
16:39:37.374 [Thread 2] INFO  by.menko.matrix.bean.LockThreads - Thread 2 added 3
16:39:37.374 [Thread 3] INFO  by.menko.matrix.bean.LockThreads - Thread 3 added 4
16:39:37.374 [Thread 4] INFO  by.menko.matrix.bean.LockThreads - Thread 4 added 5
16:39:37.473 [Thread 0] INFO  by.menko.matrix.bean.LockThreads - Thread 0 added 6
16:39:37.474 [Thread 1] INFO  by.menko.matrix.bean.LockThreads - Thread 1 added 7
16:39:37.474 [Thread 2] INFO  by.menko.matrix.bean.LockThreads - Thread 2 added 8
16:39:37.475 [Thread 3] INFO  by.menko.matrix.bean.LockThreads - Thread 3 added 9
16:39:37.476 [Thread 4] INFO  by.menko.matrix.bean.LockThreads - Thread 4 added 10
16:39:37.578 [main] INFO  by.menko.matrix.controller.command.ChangerDiagonalCommand - Diagonal changed.
16:42:49.948 [pool-2-thread-2] INFO  by.menko.matrix.bean.ExecutorThreads - Thread 1 added 3
16:42:49.948 [pool-2-thread-4] INFO  by.menko.matrix.bean.ExecutorThreads - Thread 3 added 4
16:42:49.948 [pool-2-thread-3] INFO  by.menko.matrix.bean.ExecutorThreads - Thread 2 added 2
16:42:49.948 [pool-2-thread-1] INFO  by.menko.matrix.bean.ExecutorThreads - Thread 0 added 1
16:42:49.949 [pool-2-thread-5] INFO  by.menko.matrix.bean.ExecutorThreads - Thread 4 added 5
16:42:50.049 [pool-2-thread-4] INFO  by.menko.matrix.bean.ExecutorThreads - Thread 3 added 8
16:42:50.049 [pool-2-thread-1] INFO  by.menko.matrix.bean.ExecutorThreads - Thread 0 added 9
16:42:50.049 [pool-2-thread-3] INFO  by.menko.matrix.bean.ExecutorThreads - Thread 2 added 7
16:42:50.049 [pool-2-thread-2] INFO  by.menko.matrix.bean.ExecutorThreads - Thread 1 added 6
16:42:50.049 [pool-2-thread-5] INFO  by.menko.matrix.bean.ExecutorThreads - Thread 4 added 10
16:42:50.950 [main] INFO  by.menko.matrix.controller.command.ChangerDiagonalCommand - Diagonal changed.
16:43:03.147 [Thread 1] INFO  by.menko.matrix.bean.MyThread - Thread 1 added 3
16:43:03.147 [Thread 2] INFO  by.menko.matrix.bean.MyThread - Thread 2 added 2
16:43:03.148 [Thread 3] INFO  by.menko.matrix.bean.MyThread - Thread 3 added 4
16:43:03.147 [Thread 0] INFO  by.menko.matrix.bean.MyThread - Thread 0 added 1
16:43:03.148 [Thread 4] INFO  by.menko.matrix.bean.MyThread - Thread 4 added 5
16:43:03.249 [Thread 0] INFO  by.menko.matrix.bean.MyThread - Thread 0 added 7
16:43:03.249 [Thread 2] INFO  by.menko.matrix.bean.MyThread - Thread 2 added 6
16:43:03.249 [Thread 3] INFO  by.menko.matrix.bean.MyThread - Thread 3 added 9
16:43:03.249 [Thread 1] INFO  by.menko.matrix.bean.MyThread - Thread 1 added 8
16:43:03.249 [Thread 4] INFO  by.menko.matrix.bean.MyThread - Thread 4 added 10
16:43:03.353 [main] INFO  by.menko.matrix.controller.command.ChangerDiagonalCommand - Diagonal changed.
17:02:51.832 [main] INFO  by.menko.matrix.controller.command.ReadFileCommand - File is read and matrix is added in storage.
17:03:18.196 [Threads 0] INFO  by.menko.matrix.bean.SemaphoreThreads - Threads 0 awaiting
17:03:18.196 [Threads 4] INFO  by.menko.matrix.bean.SemaphoreThreads - Threads 4 awaiting
17:03:18.197 [Threads 4] INFO  by.menko.matrix.bean.SemaphoreThreads - Threads 4 performing
17:03:18.197 [Threads 3] INFO  by.menko.matrix.bean.SemaphoreThreads - Threads 3 awaiting
17:03:18.197 [Threads 4] INFO  by.menko.matrix.bean.SemaphoreThreads - Threads 4 added 2
17:03:18.197 [Threads 1] INFO  by.menko.matrix.bean.SemaphoreThreads - Threads 1 awaiting
17:03:18.197 [Threads 0] INFO  by.menko.matrix.bean.SemaphoreThreads - Threads 0 performing
17:03:18.196 [Threads 2] INFO  by.menko.matrix.bean.SemaphoreThreads - Threads 2 awaiting
17:03:18.198 [Threads 0] INFO  by.menko.matrix.bean.SemaphoreThreads - Threads 0 added 1
17:03:18.208 [Threads 4] INFO  by.menko.matrix.bean.SemaphoreThreads - Threads 4 finished
17:03:18.208 [Threads 4] INFO  by.menko.matrix.bean.SemaphoreThreads - Threads 4 awaiting
17:03:18.208 [Threads 3] INFO  by.menko.matrix.bean.SemaphoreThreads - Threads 3 performing
17:03:18.208 [Threads 3] INFO  by.menko.matrix.bean.SemaphoreThreads - Threads 3 added 5
17:03:18.209 [Threads 0] INFO  by.menko.matrix.bean.SemaphoreThreads - Threads 0 finished
17:03:18.209 [Threads 1] INFO  by.menko.matrix.bean.SemaphoreThreads - Threads 1 performing
17:03:18.209 [Threads 0] INFO  by.menko.matrix.bean.SemaphoreThreads - Threads 0 awaiting
17:03:18.209 [Threads 1] INFO  by.menko.matrix.bean.SemaphoreThreads - Threads 1 added 4
17:03:18.219 [Threads 3] INFO  by.menko.matrix.bean.SemaphoreThreads - Threads 3 finished
17:03:18.219 [Threads 3] INFO  by.menko.matrix.bean.SemaphoreThreads - Threads 3 awaiting
17:03:18.219 [Threads 2] INFO  by.menko.matrix.bean.SemaphoreThreads - Threads 2 performing
17:03:18.219 [Threads 2] INFO  by.menko.matrix.bean.SemaphoreThreads - Threads 2 added 3
17:03:18.220 [Threads 1] INFO  by.menko.matrix.bean.SemaphoreThreads - Threads 1 finished
17:03:18.220 [Threads 1] INFO  by.menko.matrix.bean.SemaphoreThreads - Threads 1 awaiting
17:03:18.220 [Threads 4] INFO  by.menko.matrix.bean.SemaphoreThreads - Threads 4 performing
17:03:18.220 [Threads 4] INFO  by.menko.matrix.bean.SemaphoreThreads - Threads 4 added 6
17:03:18.229 [Threads 2] INFO  by.menko.matrix.bean.SemaphoreThreads - Threads 2 finished
17:03:18.229 [Threads 2] INFO  by.menko.matrix.bean.SemaphoreThreads - Threads 2 awaiting
17:03:18.229 [Threads 0] INFO  by.menko.matrix.bean.SemaphoreThreads - Threads 0 performing
17:03:18.229 [Threads 0] INFO  by.menko.matrix.bean.SemaphoreThreads - Threads 0 added 7
17:03:18.230 [Threads 4] INFO  by.menko.matrix.bean.SemaphoreThreads - Threads 4 finished
17:03:18.230 [Threads 3] INFO  by.menko.matrix.bean.SemaphoreThreads - Threads 3 performing
17:03:18.230 [Threads 3] INFO  by.menko.matrix.bean.SemaphoreThreads - Threads 3 added 8
17:03:18.239 [Threads 0] INFO  by.menko.matrix.bean.SemaphoreThreads - Threads 0 finished
17:03:18.239 [Threads 1] INFO  by.menko.matrix.bean.SemaphoreThreads - Threads 1 performing
17:03:18.239 [Threads 1] INFO  by.menko.matrix.bean.SemaphoreThreads - Threads 1 added 9
17:03:18.240 [Threads 3] INFO  by.menko.matrix.bean.SemaphoreThreads - Threads 3 finished
17:03:18.240 [Threads 2] INFO  by.menko.matrix.bean.SemaphoreThreads - Threads 2 performing
17:03:18.240 [Threads 2] INFO  by.menko.matrix.bean.SemaphoreThreads - Threads 2 added 10
17:03:18.249 [Threads 1] INFO  by.menko.matrix.bean.SemaphoreThreads - Threads 1 finished
17:03:18.250 [Threads 2] INFO  by.menko.matrix.bean.SemaphoreThreads - Threads 2 finished
17:03:19.232 [main] INFO  by.menko.matrix.controller.command.ChangerDiagonalCommand - Diagonal changed.
17:03:59.230 [main] INFO  by.menko.matrix.controller.command.ReadFileCommand - File not found.
17:04:06.511 [Thread 0] INFO  by.menko.matrix.bean.LockThreads - Thread 0 added 1
17:04:06.513 [Thread 1] INFO  by.menko.matrix.bean.LockThreads - Thread 1 added 2
17:04:06.513 [Thread 2] INFO  by.menko.matrix.bean.LockThreads - Thread 2 added 3
17:04:06.514 [Thread 3] INFO  by.menko.matrix.bean.LockThreads - Thread 3 added 4
17:04:06.514 [Thread 4] INFO  by.menko.matrix.bean.LockThreads - Thread 4 added 5
17:04:06.614 [Thread 2] INFO  by.menko.matrix.bean.LockThreads - Thread 2 added 6
17:04:06.614 [Thread 1] INFO  by.menko.matrix.bean.LockThreads - Thread 1 added 7
17:04:06.615 [Thread 0] INFO  by.menko.matrix.bean.LockThreads - Thread 0 added 8
17:04:06.615 [Thread 3] INFO  by.menko.matrix.bean.LockThreads - Thread 3 added 9
17:04:06.616 [Thread 4] INFO  by.menko.matrix.bean.LockThreads - Thread 4 added 10
17:04:06.716 [main] INFO  by.menko.matrix.controller.command.ChangerDiagonalCommand - Diagonal changed.
